[2018-07-19T12:35:08.358] [ERROR] Error - {"Error_Name":"","Error_Address":"","Error_Message":"Error: Cannot find module './server/web/routes/RegisterAndLogin.routes.js'"}
[2018-07-19T12:37:15.562] [ERROR] Error - {"Error_Name":"","Error_Address":"","Error_Message":"Error: Cannot find module './server/web/routes/RegisterAndLogin.routes.js'"}
[2018-07-19T13:00:16.311] [ERROR] Error - {"Error_Name":"","Error_Address":"","Error_Message":"Error: Cannot find module './server/web/routes/RegisterAndLogin.routes.js'"}
[2018-07-19T13:02:50.372] [ERROR] Error - {"Error_Name":"","Error_Address":"","Error_Message":"Error: Route.post() requires a callback function but got a [object Undefined]"}
[2018-07-19T13:03:00.397] [ERROR] Error - {"Error_Name":"","Error_Address":"","Error_Message":"Error: Route.post() requires a callback function but got a [object Undefined]"}
[2018-07-19T10:54:30.457] [ERROR] Error - {"Error_Name":"","Error_Address":"","Error_Message":"Error: Cannot find module './server/web/routes/settings/Account_Settings.routes.js'"}
[2018-07-19T11:45:39.682] [ERROR] Error - {"Error_Name":"","Error_Address":"","Error_Message":"TypeError: Cannot read property 'words' of undefined"}
[2018-07-19T11:45:41.145] [ERROR] Error - {"Error_Name":"","Error_Address":"","Error_Message":"TypeError: Cannot read property 'words' of undefined"}
[2018-07-19T11:47:39.483] [ERROR] Error - {"Error_Name":"","Error_Address":"","Error_Message":"TypeError: Cannot read property 'words' of undefined"}
[2018-07-19T11:57:18.481] [ERROR] Error - {"Error_Name":"","Error_Address":"","Error_Message":"TypeError: Cannot read property 'words' of undefined"}
[2018-07-19T11:57:19.487] [ERROR] Error - {"Error_Name":"","Error_Address":"","Error_Message":"TypeError: Cannot read property 'words' of undefined"}
[2018-07-19T11:59:18.263] [ERROR] Error - {"Error_Name":"","Error_Address":"","Error_Message":"TypeError: Cannot read property 'words' of undefined"}
[2018-07-19T14:26:21.597] [ERROR] Error - {"Error_Name":"","Error_Address":"","Error_Message":"SyntaxError: Unexpected token <<"}
